


ARM Macro Assembler    Page 1 


    1 00000000         ; gpio.s
    2 00000000         ; Desenvolvido para a placa EK-TM4C1294XL
    3 00000000         ; Prof. Guilherme Peron
    4 00000000         ; Ver 1 19/03/2018
    5 00000000         ; Ver 2 26/08/2018
    6 00000000         
    7 00000000         ; ------------------------------------------------------
                       -------------------------
    8 00000000                 THUMB                        ; Instruções do tip
                                                            o Thumb-2
    9 00000000         ; ------------------------------------------------------
                       -------------------------
   10 00000000         ; Declarações EQU - Defines
   11 00000000         ; ========================
   12 00000000         ; ========================
   13 00000000         ; Definições dos Registradores Gerais
   14 00000000 400FE608 
                       SYSCTL_RCGCGPIO_R
                               EQU              0x400FE608
   15 00000000 400FEA08 
                       SYSCTL_PRGPIO_R
                               EQU              0x400FEA08
   16 00000000         ; ========================
   17 00000000         ; Definições dos Ports
   18 00000000         ; PORT L
   19 00000000 40062520 
                       GPIO_PORTL_AHB_LOCK_R
                               EQU              0x40062520
   20 00000000 40062524 
                       GPIO_PORTL_AHB_CR_R
                               EQU              0x40062524
   21 00000000 40062528 
                       GPIO_PORTL_AHB_AMSEL_R
                               EQU              0x40062528
   22 00000000 4006252C 
                       GPIO_PORTL_AHB_PCTL_R
                               EQU              0x4006252C
   23 00000000 40062400 
                       GPIO_PORTL_AHB_DIR_R
                               EQU              0x40062400
   24 00000000 40062420 
                       GPIO_PORTL_AHB_AFSEL_R
                               EQU              0x40062420
   25 00000000 4006251C 
                       GPIO_PORTL_AHB_DEN_R
                               EQU              0x4006251C
   26 00000000 40062510 
                       GPIO_PORTL_AHB_PUR_R
                               EQU              0x40062510
   27 00000000 400623FC 
                       GPIO_PORTL_AHB_DATA_R
                               EQU              0x400623FC
   28 00000000 00000400 
                       GPIO_PORTL
                               EQU              2_000010000000000
   29 00000000         ; PORT M
   30 00000000 40063520 
                       GPIO_PORTM_AHB_LOCK_R
                               EQU              0x40063520



ARM Macro Assembler    Page 2 


   31 00000000 40063524 
                       GPIO_PORTM_AHB_CR_R
                               EQU              0x40063524
   32 00000000 40063528 
                       GPIO_PORTM_AHB_AMSEL_R
                               EQU              0x40063528
   33 00000000 4006352C 
                       GPIO_PORTM_AHB_PCTL_R
                               EQU              0x4006352C
   34 00000000 40063400 
                       GPIO_PORTM_AHB_DIR_R
                               EQU              0x40063400
   35 00000000 40063420 
                       GPIO_PORTM_AHB_AFSEL_R
                               EQU              0x40063420
   36 00000000 4006351C 
                       GPIO_PORTM_AHB_DEN_R
                               EQU              0x4006351C
   37 00000000 40063510 
                       GPIO_PORTM_AHB_PUR_R
                               EQU              0x40063510
   38 00000000 400633FC 
                       GPIO_PORTM_AHB_DATA_R
                               EQU              0x400633FC
   39 00000000 00000800 
                       GPIO_PORTM
                               EQU              2_000100000000000
   40 00000000         
   41 00000000         ; PORT A
   42 00000000 40058520 
                       GPIO_PORTA_AHB_LOCK_R
                               EQU              0x40058520
   43 00000000 40058524 
                       GPIO_PORTA_AHB_CR_R
                               EQU              0x40058524
   44 00000000 40058528 
                       GPIO_PORTA_AHB_AMSEL_R
                               EQU              0x40058528
   45 00000000 4005852C 
                       GPIO_PORTA_AHB_PCTL_R
                               EQU              0x4005852C
   46 00000000 40058400 
                       GPIO_PORTA_AHB_DIR_R
                               EQU              0x40058400
   47 00000000 40058420 
                       GPIO_PORTA_AHB_AFSEL_R
                               EQU              0x40058420
   48 00000000 4005851C 
                       GPIO_PORTA_AHB_DEN_R
                               EQU              0x4005851C
   49 00000000 40058510 
                       GPIO_PORTA_AHB_PUR_R
                               EQU              0x40058510
   50 00000000 400583FC 
                       GPIO_PORTA_AHB_DATA_R
                               EQU              0x400583FC
   51 00000000 00000001 
                       GPIO_PORTA
                               EQU              2_000000000000001



ARM Macro Assembler    Page 3 


   52 00000000         
   53 00000000         ; PORT Q
   54 00000000 40066520 
                       GPIO_PORTQ_AHB_LOCK_R
                               EQU              0x40066520
   55 00000000 40066524 
                       GPIO_PORTQ_AHB_CR_R
                               EQU              0x40066524
   56 00000000 40066528 
                       GPIO_PORTQ_AHB_AMSEL_R
                               EQU              0x40066528
   57 00000000 4006652C 
                       GPIO_PORTQ_AHB_PCTL_R
                               EQU              0x4006652C
   58 00000000 40066400 
                       GPIO_PORTQ_AHB_DIR_R
                               EQU              0x40066400
   59 00000000 40066420 
                       GPIO_PORTQ_AHB_AFSEL_R
                               EQU              0x40066420
   60 00000000 4006651C 
                       GPIO_PORTQ_AHB_DEN_R
                               EQU              0x4006651C
   61 00000000 40066510 
                       GPIO_PORTQ_AHB_PUR_R
                               EQU              0x40066510
   62 00000000 400663FC 
                       GPIO_PORTQ_AHB_DATA_R
                               EQU              0x400663FC
   63 00000000 00004000 
                       GPIO_PORTQ
                               EQU              2_100000000000000
   64 00000000         
   65 00000000         ; PORT P
   66 00000000 40065520 
                       GPIO_PORTP_AHB_LOCK_R
                               EQU              0x40065520
   67 00000000 40065524 
                       GPIO_PORTP_AHB_CR_R
                               EQU              0x40065524
   68 00000000 40065528 
                       GPIO_PORTP_AHB_AMSEL_R
                               EQU              0x40065528
   69 00000000 4006552C 
                       GPIO_PORTP_AHB_PCTL_R
                               EQU              0x4006552C
   70 00000000 40065400 
                       GPIO_PORTP_AHB_DIR_R
                               EQU              0x40065400
   71 00000000 40065420 
                       GPIO_PORTP_AHB_AFSEL_R
                               EQU              0x40065420
   72 00000000 4006551C 
                       GPIO_PORTP_AHB_DEN_R
                               EQU              0x4006551C
   73 00000000 40065510 
                       GPIO_PORTP_AHB_PUR_R
                               EQU              0x40065510
   74 00000000 400653FC 



ARM Macro Assembler    Page 4 


                       GPIO_PORTP_AHB_DATA_R
                               EQU              0x400653FC
   75 00000000 00002000 
                       GPIO_PORTP
                               EQU              2_010000000000000
   76 00000000         
   77 00000000         ; PORT K
   78 00000000 40061520 
                       GPIO_PORTK_AHB_LOCK_R
                               EQU              0x40061520
   79 00000000 40061524 
                       GPIO_PORTK_AHB_CR_R
                               EQU              0x40061524
   80 00000000 40061528 
                       GPIO_PORTK_AHB_AMSEL_R
                               EQU              0x40061528
   81 00000000 4006152C 
                       GPIO_PORTK_AHB_PCTL_R
                               EQU              0x4006152C
   82 00000000 40061400 
                       GPIO_PORTK_AHB_DIR_R
                               EQU              0x40061400
   83 00000000 40061420 
                       GPIO_PORTK_AHB_AFSEL_R
                               EQU              0x40061420
   84 00000000 4006151C 
                       GPIO_PORTK_AHB_DEN_R
                               EQU              0x4006151C
   85 00000000 40061510 
                       GPIO_PORTK_AHB_PUR_R
                               EQU              0x40061510
   86 00000000 400613FC 
                       GPIO_PORTK_AHB_DATA_R
                               EQU              0x400613FC
   87 00000000 00000200 
                       GPIO_PORTK
                               EQU              2_000001000000000
   88 00000000         
   89 00000000         ; PORT J
   90 00000000 40060520 
                       GPIO_PORTJ_AHB_LOCK_R
                               EQU              0x40060520
   91 00000000 40060524 
                       GPIO_PORTJ_AHB_CR_R
                               EQU              0x40060524
   92 00000000 40060528 
                       GPIO_PORTJ_AHB_AMSEL_R
                               EQU              0x40060528
   93 00000000 4006052C 
                       GPIO_PORTJ_AHB_PCTL_R
                               EQU              0x4006052C
   94 00000000 40060400 
                       GPIO_PORTJ_AHB_DIR_R
                               EQU              0x40060400
   95 00000000 40060420 
                       GPIO_PORTJ_AHB_AFSEL_R
                               EQU              0x40060420
   96 00000000 4006051C 
                       GPIO_PORTJ_AHB_DEN_R



ARM Macro Assembler    Page 5 


                               EQU              0x4006051C
   97 00000000 40060510 
                       GPIO_PORTJ_AHB_PUR_R
                               EQU              0x40060510
   98 00000000 400603FC 
                       GPIO_PORTJ_AHB_DATA_R
                               EQU              0x400603FC
   99 00000000 40060410 
                       GPIO_PORTJ_AHB_IM_R
                               EQU              0x40060410
  100 00000000 40060404 
                       GPIO_PORTJ_AHB_IS_R
                               EQU              0x40060404
  101 00000000 40060408 
                       GPIO_PORTJ_AHB_IBE_R
                               EQU              0x40060408
  102 00000000 4006040C 
                       GPIO_PORTJ_AHB_IEV_R
                               EQU              0x4006040C
  103 00000000 4006041C 
                       GPIO_PORTJ_AHB_ICR_R
                               EQU              0x4006041C
  104 00000000 00000100 
                       GPIO_PORTJ
                               EQU              2_000000100000000
  105 00000000         
  106 00000000         ;NVIC
  107 00000000 E000E104 
                       NVIC_EN1_R
                               EQU              0xE000E104
  108 00000000 E000E430 
                       NVIC_PRI12_R
                               EQU              0xE000E430
  109 00000000         ; ------------------------------------------------------
                       -------------------------
  110 00000000         ; Área de Código - Tudo abaixo da diretiva a seguir será
                        armazenado na memória de 
  111 00000000         ;                  código
  112 00000000                 AREA             |.text|, CODE, READONLY, ALIGN=
2
  113 00000000         
  114 00000000         ; Se alguma função do arquivo for chamada em outro arqui
                       vo 
  115 00000000                 EXPORT           GPIO_Init   ; Permite chamar GP
                                                            IO_Init de outro ar
                                                            quivo
  116 00000000                 EXPORT           Teclado_col1
  117 00000000                 EXPORT           Teclado_col2
  118 00000000                 EXPORT           Teclado_col3
  119 00000000                 EXPORT           Le_teclas
  120 00000000                 EXPORT           PiscaLeds
  121 00000000                 EXPORT           IniciaLCD
  122 00000000                 EXPORT           EscreveCaracter
  123 00000000                 EXPORT           CursorHome
  124 00000000                 EXPORT           GPIOPortJ_Handler
  125 00000000         
  126 00000000                 IMPORT           SysTick_Wait1ms
  127 00000000                 IMPORT           SysTick_Wait1us
  128 00000000         



ARM Macro Assembler    Page 6 


  129 00000000         
  130 00000000         ;-------------------------------------------------------
                       -------------------------
  131 00000000         ; Função GPIO_Init
  132 00000000         ; Parâmetro de entrada: Não tem
  133 00000000         ; Parâmetro de saída: Não tem
  134 00000000         GPIO_Init
  135 00000000 48DB            LDR              R0, =SYSCTL_RCGCGPIO_R
  136 00000002 F44F 6180       MOV              R1, #GPIO_PORTL
  137 00000006 F441 6100       ORR              R1, #GPIO_PORTM
  138 0000000A F041 0101       ORR              R1, #GPIO_PORTA
  139 0000000E F441 5100       ORR              R1, #GPIO_PORTP
  140 00000012 F441 4180       ORR              R1, #GPIO_PORTQ
  141 00000016 F441 7100       ORR              R1, #GPIO_PORTK
  142 0000001A F441 7180       ORR              R1, #GPIO_PORTJ
  143 0000001E 6001            STR              R1, [R0]
  144 00000020         
  145 00000020 48D4            LDR              R0, =SYSCTL_PRGPIO_R
  146 00000022 6801    EsperaGPIO
                               LDR              R1, [R0]
  147 00000024 F44F 6280       MOV              R2, #GPIO_PORTL
  148 00000028 F442 6200       ORR              R2, #GPIO_PORTM
  149 0000002C F041 0101       ORR              R1, #GPIO_PORTA
  150 00000030 F441 5100       ORR              R1, #GPIO_PORTP
  151 00000034 F441 4180       ORR              R1, #GPIO_PORTQ
  152 00000038 F441 7100       ORR              R1, #GPIO_PORTK
  153 0000003C F441 7180       ORR              R1, #GPIO_PORTJ
  154 00000040 4211            TST              R1, R2
  155 00000042 D0EE            BEQ              EsperaGPIO
  156 00000044         
  157 00000044         ; 2. Limpar o AMSEL para desabilitar a analógica
  158 00000044 F04F 0100       MOV              R1, #0x00
  159 00000048 48CB            LDR              R0, =GPIO_PORTM_AHB_AMSEL_R
  160 0000004A 6001            STR              R1, [R0]
  161 0000004C 48CB            LDR              R0, =GPIO_PORTL_AHB_AMSEL_R
  162 0000004E 6001            STR              R1, [R0]
  163 00000050 48CB            LDR              R0, =GPIO_PORTA_AHB_AMSEL_R
  164 00000052 6001            STR              R1, [R0]
  165 00000054 48CB            LDR              R0, =GPIO_PORTP_AHB_AMSEL_R
  166 00000056 6001            STR              R1, [R0]
  167 00000058 48CB            LDR              R0, =GPIO_PORTQ_AHB_AMSEL_R
  168 0000005A 6001            STR              R1, [R0]
  169 0000005C 48CB            LDR              R0, =GPIO_PORTK_AHB_AMSEL_R
  170 0000005E 6001            STR              R1, [R0]
  171 00000060 48CB            LDR              R0, =GPIO_PORTJ_AHB_AMSEL_R
  172 00000062 6001            STR              R1, [R0]
  173 00000064         
  174 00000064         ; 3. Limpar PCTL para selecionar o GPIO
  175 00000064 F04F 0100       MOV              R1, #0x00
  176 00000068 48CA            LDR              R0, =GPIO_PORTM_AHB_PCTL_R
  177 0000006A 6001            STR              R1, [R0]
  178 0000006C 48CA            LDR              R0, =GPIO_PORTL_AHB_PCTL_R
  179 0000006E 6001            STR              R1, [R0]
  180 00000070 48CA            LDR              R0, =GPIO_PORTA_AHB_PCTL_R
  181 00000072 6001            STR              R1, [R0]
  182 00000074 48CA            LDR              R0, =GPIO_PORTP_AHB_PCTL_R
  183 00000076 6001            STR              R1, [R0]
  184 00000078 48CA            LDR              R0, =GPIO_PORTQ_AHB_PCTL_R
  185 0000007A 6001            STR              R1, [R0]



ARM Macro Assembler    Page 7 


  186 0000007C 48CA            LDR              R0, =GPIO_PORTK_AHB_PCTL_R
  187 0000007E 6001            STR              R1, [R0]
  188 00000080 48CA            LDR              R0, =GPIO_PORTJ_AHB_PCTL_R
  189 00000082 6001            STR              R1, [R0]
  190 00000084         ; 4. DIR para 0 se for entrada, 1 se for saída
  191 00000084 48CA            LDR              R0, =GPIO_PORTL_AHB_DIR_R
  192 00000086 F04F 0100       MOV              R1, #0x0
  193 0000008A 6001            STR              R1, [R0]
  194 0000008C 48C9            LDR              R0, =GPIO_PORTM_AHB_DIR_R
  195 0000008E F04F 0107       MOV              R1, #2_111
  196 00000092 6001            STR              R1, [R0]
  197 00000094         
  198 00000094 48C8            LDR              R0, =GPIO_PORTA_AHB_DIR_R
  199 00000096 F04F 01F0       MOV              R1, #2_11110000
  200 0000009A 6001            STR              R1, [R0]
  201 0000009C 48C7            LDR              R0, =GPIO_PORTP_AHB_DIR_R
  202 0000009E F04F 0120       MOV              R1, #2_100000
  203 000000A2 6001            STR              R1, [R0]
  204 000000A4 48C6            LDR              R0, =GPIO_PORTQ_AHB_DIR_R
  205 000000A6 F04F 010F       MOV              R1, #2_1111
  206 000000AA 6001            STR              R1, [R0]
  207 000000AC 48C5            LDR              R0, =GPIO_PORTK_AHB_DIR_R
  208 000000AE F04F 01FF       MOV              R1, #0xFF
  209 000000B2 6001            STR              R1, [R0]
  210 000000B4 48C4            LDR              R0, =GPIO_PORTJ_AHB_DIR_R
  211 000000B6 F04F 0100       MOV              R1, #0x0
  212 000000BA 6001            STR              R1, [R0]
  213 000000BC         ; 5. Limpar os bits AFSEL para 0 para selecionar GPIO 
  214 000000BC         ;    Sem função alternativa
  215 000000BC F04F 0100       MOV              R1, #0x00
  216 000000C0 48C2            LDR              R0, =GPIO_PORTL_AHB_AFSEL_R
  217 000000C2 6001            STR              R1, [R0]
  218 000000C4 48C2            LDR              R0, =GPIO_PORTM_AHB_AFSEL_R
  219 000000C6 6001            STR              R1, [R0]
  220 000000C8 48C2            LDR              R0, =GPIO_PORTA_AHB_AFSEL_R
  221 000000CA 6001            STR              R1, [R0]
  222 000000CC 48C2            LDR              R0, =GPIO_PORTP_AHB_AFSEL_R
  223 000000CE 6001            STR              R1, [R0]
  224 000000D0 48C2            LDR              R0, =GPIO_PORTQ_AHB_AFSEL_R
  225 000000D2 6001            STR              R1, [R0]
  226 000000D4 48C2            LDR              R0, =GPIO_PORTK_AHB_AFSEL_R
  227 000000D6 6001            STR              R1, [R0]
  228 000000D8 48C2            LDR              R0, =GPIO_PORTJ_AHB_AFSEL_R
  229 000000DA 6001            STR              R1, [R0]
  230 000000DC         ; 6. Setar os bits de DEN para habilitar I/O digital
  231 000000DC 48C2            LDR              R0, =GPIO_PORTL_AHB_DEN_R
  232 000000DE F04F 010F       MOV              R1, #2_00001111
  233 000000E2 6001            STR              R1, [R0]
  234 000000E4         
  235 000000E4 48C1            LDR              R0, =GPIO_PORTM_AHB_DEN_R
  236 000000E6 F04F 01F7       MOV              R1, #2_11110111
  237 000000EA 6001            STR              R1, [R0]
  238 000000EC         
  239 000000EC 48C0            LDR              R0, =GPIO_PORTA_AHB_DEN_R
  240 000000EE F04F 01F0       MOV              R1, #2_11110000
  241 000000F2 6001            STR              R1, [R0]
  242 000000F4         
  243 000000F4 48BF            LDR              R0, =GPIO_PORTP_AHB_DEN_R
  244 000000F6 F04F 0120       MOV              R1, #2_100000



ARM Macro Assembler    Page 8 


  245 000000FA 6001            STR              R1, [R0]
  246 000000FC         
  247 000000FC 48BE            LDR              R0, =GPIO_PORTQ_AHB_DEN_R
  248 000000FE F04F 010F       MOV              R1, #2_1111
  249 00000102 6001            STR              R1, [R0]
  250 00000104         
  251 00000104 48BD            LDR              R0, =GPIO_PORTK_AHB_DEN_R
  252 00000106 F04F 01FF       MOV              R1, #0xFF
  253 0000010A 6001            STR              R1, [R0]
  254 0000010C         
  255 0000010C 48BC            LDR              R0, =GPIO_PORTJ_AHB_DEN_R
  256 0000010E F04F 0101       MOV              R1, #0x1
  257 00000112 6001            STR              R1, [R0]
  258 00000114         ; 7. Para habilitar resistor de pull-up interno, setar P
                       UR para 1
  259 00000114 48BB            LDR              R0, =GPIO_PORTL_AHB_PUR_R
  260 00000116 F04F 010F       MOV              R1, #2_00001111
  261 0000011A         
  262 0000011A 6001            STR              R1, [R0]
  263 0000011C         
  264 0000011C 48BA            LDR              R0, =GPIO_PORTJ_AHB_PUR_R
  265 0000011E F04F 0101       MOV              R1, #2_00000001
  266 00000122         
  267 00000122 6001            STR              R1, [R0]
  268 00000124         
  269 00000124         ; 8. Já deixamos os LEDs ligados e só precisamos piscar 
                       o transistor
  270 00000124 48B9            LDR              R0, =GPIO_PORTA_AHB_DATA_R
  271 00000126 F04F 01F0       MOV              R1, #2_11110000
  272 0000012A 6001            STR              R1, [R0]
  273 0000012C         
  274 0000012C 48B8            LDR              R0, =GPIO_PORTQ_AHB_DATA_R
  275 0000012E F04F 010F       MOV              R1, #2_1111
  276 00000132 6001            STR              R1, [R0]
  277 00000134         
  278 00000134 48B7            LDR              R0, =GPIO_PORTP_AHB_DATA_R
  279 00000136 F04F 0100       MOV              R1, #0x0
  280 0000013A 6001            STR              R1, [R0]
  281 0000013C         
  282 0000013C         ; 9. Configura interrupções
  283 0000013C         ; 9.1 Desabilita interrupção no pino
  284 0000013C 48B6            LDR              R0, =GPIO_PORTJ_AHB_IM_R
  285 0000013E F04F 0100       MOV              R1, #0x0
  286 00000142 6001            STR              R1, [R0]
  287 00000144         ; 9.2 Seta Interrupção de borda
  288 00000144 48B5            LDR              R0, =GPIO_PORTJ_AHB_IS_R
  289 00000146 F04F 0100       MOV              R1, #2_0
  290 0000014A 6001            STR              R1, [R0]
  291 0000014C         
  292 0000014C         ; 9.3 Seta borda única
  293 0000014C 48B4            LDR              R0, =GPIO_PORTJ_AHB_IBE_R
  294 0000014E F04F 0100       MOV              R1, #2_0
  295 00000152 6001            STR              R1, [R0]
  296 00000154         
  297 00000154         ; 9.4 Seta borda descida
  298 00000154 48B3            LDR              R0, =GPIO_PORTJ_AHB_IEV_R
  299 00000156 F04F 0100       MOV              R1, #2_0
  300 0000015A 6001            STR              R1, [R0]
  301 0000015C         



ARM Macro Assembler    Page 9 


  302 0000015C         ; 9.5 Limpa RIS e MIS
  303 0000015C 48B2            LDR              R0, =GPIO_PORTJ_AHB_ICR_R
  304 0000015E F04F 0101       MOV              R1, #2_1
  305 00000162 6001            STR              R1, [R0]
  306 00000164         
  307 00000164         ; 9.6 Ativa interrupções
  308 00000164 48AC            LDR              R0, =GPIO_PORTJ_AHB_IM_R
  309 00000166 F04F 0101       MOV              R1, #2_1
  310 0000016A 6001            STR              R1, [R0]
  311 0000016C         
  312 0000016C         ; 9.7 Ativa fonte de interrupções
  313 0000016C 48AF            LDR              R0, =NVIC_EN1_R
  314 0000016E 6801            LDR              R1, [R0]
  315 00000170         
  316 00000170 F04F 0200       MOV              R2, #0x0
  317 00000174 F2C0 0208       MOVT             R2, #2_0000000000001000
  318 00000178 EA41 0102       ORR              R1, R2
  319 0000017C 6001            STR              R1, [R0]
  320 0000017E         
  321 0000017E         ; 9.8 Seta prioridade
  322 0000017E 48AC            LDR              R0, =NVIC_PRI12_R
  323 00000180 F04F 0100       MOV              R1, #0x0
  324 00000184 EA4F 7141       LSL              R1, #29
  325 00000188 6001            STR              R1, [R0]
  326 0000018A         ;retorno
  327 0000018A 4770            BX               LR
  328 0000018C         
  329 0000018C         ; ------------------------------------------------------
                       -------------------------
  330 0000018C         
  331 0000018C         ; ------------------------------------------------------
                       -------------------------
  332 0000018C         ; Funções para habilitar as colunas do teclado
  333 0000018C         ; Feito apenas para as colunas 1 a 3, já que a 4 não ser
                       á usada
  334 0000018C         ; Parâmetro de entrada: 
  335 0000018C         ; Parâmetro de saída: Não tem
  336 0000018C         Teclado_col1
  337 0000018C         ;Define a coluna 1 (PM4) e os pinos do LCD (PM0-PM2) com
                       o saída e as demais como entrada
  338 0000018C 4889            LDR              R0, =GPIO_PORTM_AHB_DIR_R
  339 0000018E F04F 0117       MOV              R1, #2_00010111
  340 00000192 6001            STR              R1, [R0]
  341 00000194         
  342 00000194         ;Coloca 0 na porta M. O PM4 fica com o valor 0, os demai
                       s não são afetados
  343 00000194 48A7            LDR              R0, =GPIO_PORTM_AHB_DATA_R
  344 00000196 6801            LDR              R1, [R0]
  345 00000198 F001 01EF       AND              R1, #2_11101111
  346 0000019C 6001            STR              R1, [R0]
  347 0000019E         
  348 0000019E 4770            BX               LR
  349 000001A0         
  350 000001A0         Teclado_col2
  351 000001A0         ;Define a coluna 2 (PM5) e os pinos do LCD (PM0-PM2) com
                       o saída e as demais como entrada
  352 000001A0 4884            LDR              R0, =GPIO_PORTM_AHB_DIR_R
  353 000001A2 F04F 0127       MOV              R1, #2_00100111
  354 000001A6 6001            STR              R1, [R0]



ARM Macro Assembler    Page 10 


  355 000001A8         
  356 000001A8         ;Coloca 0 na porta M. O PM5 fica com o valor 0, os demai
                       s não são afetados
  357 000001A8 48A2            LDR              R0, =GPIO_PORTM_AHB_DATA_R
  358 000001AA 6801            LDR              R1, [R0]
  359 000001AC F001 01DF       AND              R1, #2_11011111
  360 000001B0 6001            STR              R1, [R0]
  361 000001B2         
  362 000001B2 4770            BX               LR
  363 000001B4         
  364 000001B4         Teclado_col3
  365 000001B4         ;Define a coluna 3 (PM6) e os pinos do LCD (PM0-PM2) com
                       o saída e as demais como entrada
  366 000001B4 487F            LDR              R0, =GPIO_PORTM_AHB_DIR_R
  367 000001B6 F04F 0147       MOV              R1, #2_01000111
  368 000001BA 6001            STR              R1, [R0]
  369 000001BC         
  370 000001BC         ;Coloca 0 na porta M. O PM6 fica com o valor 0, os demai
                       s não são afetados
  371 000001BC 489D            LDR              R0, =GPIO_PORTM_AHB_DATA_R
  372 000001BE 6801            LDR              R1, [R0]
  373 000001C0 F001 01BF       AND              R1, #2_10111111
  374 000001C4 6001            STR              R1, [R0]
  375 000001C6         
  376 000001C6 4770            BX               LR
  377 000001C8         ; ------------------------------------------------------
                       -------------------------
  378 000001C8         ; Função Le_teclas
  379 000001C8         ; Parâmetro de entrada: Não tem
  380 000001C8         ; Parâmetro de saída: R0 --> o valor da leitura
  381 000001C8         Le_teclas
  382 000001C8 499B            LDR              R1, =GPIO_PORTL_AHB_DATA_R
  383 000001CA 6808            LDR              R0, [R1]
  384 000001CC         
  385 000001CC 4770            BX               LR
  386 000001CE         
  387 000001CE         ; ------------------------------------------------------
                       -------------------------
  388 000001CE         ; Função Que pisca os LEDs 5x
  389 000001CE         ; Parâmetro de entrada: Não tem
  390 000001CE         ; Parâmetro de saída: Não tem
  391 000001CE         PiscaLeds
  392 000001CE 4991            LDR              R1, =GPIO_PORTP_AHB_DATA_R
  393 000001D0 F04F 0220       MOV              R2, #2_100000
  394 000001D4 F04F 0300       MOV              R3, #0
  395 000001D8 F04F 0400       MOV              R4, #0
  396 000001DC B500            PUSH             {LR}
  397 000001DE         PiscaLedLoop
  398 000001DE 600A            STR              R2, [R1]
  399 000001E0 F44F 70FA       MOV              R0, #500
  400 000001E4 F7FF FFFE       BL               SysTick_Wait1ms
  401 000001E8 600B            STR              R3, [R1]
  402 000001EA F44F 70FA       MOV              R0, #500
  403 000001EE F7FF FFFE       BL               SysTick_Wait1ms
  404 000001F2         
  405 000001F2 F104 0401       ADD              R4, #1
  406 000001F6 2C05            CMP              R4, #5
  407 000001F8 DBF1            BLT              PiscaLedLoop
  408 000001FA         



ARM Macro Assembler    Page 11 


  409 000001FA F85D EB04       POP              {LR}
  410 000001FE 4770            BX               LR
  411 00000200         
  412 00000200         ; ------------------------------------------------------
                       -------------------------
  413 00000200         ; Função que inicia o LCD
  414 00000200         ; Parâmetro de entrada: Não tem
  415 00000200         ; Parâmetro de saída: Não tem
  416 00000200         IniciaLCD
  417 00000200 B500            PUSH             {LR}
  418 00000202 F04F 0038       MOV              R0, #0x38
  419 00000206 F000 F877       BL               EnviaComando40
  420 0000020A         
  421 0000020A F04F 0006       MOV              R0, #0x06
  422 0000020E F000 F873       BL               EnviaComando40
  423 00000212         
  424 00000212 F04F 000E       MOV              R0, #0x0E
  425 00000216 F000 F86F       BL               EnviaComando40
  426 0000021A         
  427 0000021A F04F 0001       MOV              R0, #0x01
  428 0000021E F000 F87D       BL               EnviaComando1640
  429 00000222         
  430 00000222 F000 F803       BL               EscreveNome
  431 00000226 F85D EB04       POP              {LR}
  432 0000022A 4770            BX               LR
  433 0000022C         
  434 0000022C         ; ------------------------------------------------------
                       -------------------------
  435 0000022C         ; Função que escreve Joao Pedro na segunda linha do LCD
  436 0000022C         ; Parâmetro de entrada: Não tem
  437 0000022C         ; Parâmetro de saída: Não tem
  438 0000022C         EscreveNome
  439 0000022C B500            PUSH             {LR}
  440 0000022E         
  441 0000022E F04F 00C0       MOV              R0, #0xC0
  442 00000232 F000 F873       BL               EnviaComando1640
  443 00000236         
  444 00000236 F04F 004A       MOV              R0, #'J'
  445 0000023A F7FF FFFE       BL               EscreveCaracter
  446 0000023E F04F 006F       MOV              R0, #'o'
  447 00000242 F7FF FFFE       BL               EscreveCaracter
  448 00000246 F04F 0061       MOV              R0, #'a'
  449 0000024A F7FF FFFE       BL               EscreveCaracter
  450 0000024E F04F 006F       MOV              R0, #'o'
  451 00000252 F7FF FFFE       BL               EscreveCaracter
  452 00000256 F04F 0020       MOV              R0, #' '
  453 0000025A F7FF FFFE       BL               EscreveCaracter
  454 0000025E F04F 0050       MOV              R0, #'P'
  455 00000262 F7FF FFFE       BL               EscreveCaracter
  456 00000266 F04F 0065       MOV              R0, #'e'
  457 0000026A F7FF FFFE       BL               EscreveCaracter
  458 0000026E F04F 0064       MOV              R0, #'d'
  459 00000272 F7FF FFFE       BL               EscreveCaracter
  460 00000276 F04F 0072       MOV              R0, #'r'
  461 0000027A F7FF FFFE       BL               EscreveCaracter
  462 0000027E F04F 006F       MOV              R0, #'o'
  463 00000282 F7FF FFFE       BL               EscreveCaracter
  464 00000286         
  465 00000286 F85D EB04       POP              {LR}



ARM Macro Assembler    Page 12 


  466 0000028A 4770            BX               LR
  467 0000028C         
  468 0000028C         ; ------------------------------------------------------
                       -------------------------
  469 0000028C         ; Função que seta EN do LCD para 0
  470 0000028C         ; Parâmetro de entrada: Não tem
  471 0000028C         ; Parâmetro de saída: Não tem
  472 0000028C         DesabilitaLCD
  473 0000028C 4869            LDR              R0, =GPIO_PORTM_AHB_DATA_R
  474 0000028E 6801            LDR              R1, [R0]
  475 00000290 F001 01F0       AND              R1, #0xF0
  476 00000294 6001            STR              R1, [R0]
  477 00000296 4770            BX               LR
  478 00000298         
  479 00000298         ; ------------------------------------------------------
                       -------------------------
  480 00000298         ; Função que seta EN do LCD para 1, RS para comando e es
                       pera 10us
  481 00000298         ; Parâmetro de entrada: Não tem
  482 00000298         ; Parâmetro de saída: Não tem
  483 00000298         HabilitaLCDCmd
  484 00000298 B500            PUSH             {LR}
  485 0000029A 4966            LDR              R1, =GPIO_PORTM_AHB_DATA_R
  486 0000029C 680A            LDR              R2, [R1]
  487 0000029E F002 02F0       AND              R2, #0xF0
  488 000002A2 F042 0204       ORR              R2, #0x4
  489 000002A6 600A            STR              R2, [R1]
  490 000002A8         
  491 000002A8 F04F 000A       MOV              R0, #10
  492 000002AC F7FF FFFE       BL               SysTick_Wait1us
  493 000002B0 F85D EB04       POP              {LR}
  494 000002B4 4770            BX               LR
  495 000002B6         
  496 000002B6         ; ------------------------------------------------------
                       -------------------------
  497 000002B6         ; Função que seta EN do LCD para 1, RS para dado e esper
                       a 10us
  498 000002B6         ; Parâmetro de entrada: Não tem
  499 000002B6         ; Parâmetro de saída: Não tem
  500 000002B6         HabilitaLCDDado
  501 000002B6 B500            PUSH             {LR}
  502 000002B8 495E            LDR              R1, =GPIO_PORTM_AHB_DATA_R
  503 000002BA 680A            LDR              R2, [R1]
  504 000002BC F002 02F0       AND              R2, #0xF0
  505 000002C0 F042 0205       ORR              R2, #0x5
  506 000002C4 600A            STR              R2, [R1]
  507 000002C6         
  508 000002C6 F04F 000A       MOV              R0, #10
  509 000002CA F7FF FFFE       BL               SysTick_Wait1us
  510 000002CE F85D EB04       POP              {LR}
  511 000002D2 4770            BX               LR
  512 000002D4         
  513 000002D4         ; ------------------------------------------------------
                       -------------------------
  514 000002D4         ; Função que excreve o caracter enviado na posição do cu
                       rsor
  515 000002D4         ; Parâmetro de entrada: R0 -> Código ASCII do caracter
  516 000002D4         ; Parâmetro de saída: Não tem
  517 000002D4         EscreveCaracter



ARM Macro Assembler    Page 13 


  518 000002D4 B500            PUSH             {LR}
  519 000002D6 B401            PUSH             {R0}
  520 000002D8 F7FF FFD8       BL               DesabilitaLCD
  521 000002DC         
  522 000002DC BC01            POP              {R0}
  523 000002DE 4957            LDR              R1, =GPIO_PORTK_AHB_DATA_R
  524 000002E0 6008            STR              R0, [R1]
  525 000002E2         
  526 000002E2 F7FF FFE8       BL               HabilitaLCDDado
  527 000002E6 F7FF FFD1       BL               DesabilitaLCD
  528 000002EA         
  529 000002EA F04F 0028       MOV              R0, #40
  530 000002EE F7FF FFFE       BL               SysTick_Wait1us
  531 000002F2 F85D EB04       POP              {LR}
  532 000002F6 4770            BX               LR
  533 000002F8         
  534 000002F8         ; ------------------------------------------------------
                       -------------------------
  535 000002F8         ; Função que envia comandos com espera de 40us
  536 000002F8         ; Parâmetro de entrada: R0 -> Comando
  537 000002F8         ; Parâmetro de saída: Não tem
  538 000002F8         EnviaComando40
  539 000002F8 B500            PUSH             {LR}
  540 000002FA B401            PUSH             {R0}
  541 000002FC F7FF FFC6       BL               DesabilitaLCD
  542 00000300         
  543 00000300 494E            LDR              R1, =GPIO_PORTK_AHB_DATA_R
  544 00000302 BC01            POP              {R0}
  545 00000304 6008            STR              R0, [R1]
  546 00000306         
  547 00000306 F7FF FFC7       BL               HabilitaLCDCmd
  548 0000030A         
  549 0000030A F7FF FFBF       BL               DesabilitaLCD
  550 0000030E         
  551 0000030E F04F 0028       MOV              R0, #40
  552 00000312 F7FF FFFE       BL               SysTick_Wait1us
  553 00000316 F85D EB04       POP              {LR}
  554 0000031A 4770            BX               LR
  555 0000031C         
  556 0000031C         ; ------------------------------------------------------
                       -------------------------
  557 0000031C         ; Função que envia comandos com espera de 1,64ms
  558 0000031C         ; Parâmetro de entrada: R0 -> Comando
  559 0000031C         ; Parâmetro de saída: Não tem
  560 0000031C         EnviaComando1640
  561 0000031C B500            PUSH             {LR}
  562 0000031E B401            PUSH             {R0}
  563 00000320 F7FF FFB4       BL               DesabilitaLCD
  564 00000324         
  565 00000324 4945            LDR              R1, =GPIO_PORTK_AHB_DATA_R
  566 00000326 BC01            POP              {R0}
  567 00000328 6008            STR              R0, [R1]
  568 0000032A         
  569 0000032A F7FF FFB5       BL               HabilitaLCDCmd
  570 0000032E         
  571 0000032E F7FF FFAD       BL               DesabilitaLCD
  572 00000332         
  573 00000332 F44F 60CD       MOV              R0, #1640
  574 00000336 F7FF FFFE       BL               SysTick_Wait1us



ARM Macro Assembler    Page 14 


  575 0000033A F85D EB04       POP              {LR}
  576 0000033E 4770            BX               LR
  577 00000340         
  578 00000340         ; ------------------------------------------------------
                       -------------------------
  579 00000340         ; Função que envia o cursor para home
  580 00000340         ; Parâmetro de entrada: Não tem
  581 00000340         ; Parâmetro de saída: Não tem
  582 00000340         CursorHome
  583 00000340 B500            PUSH             {LR}
  584 00000342 F04F 0080       MOV              R0, #0x80
  585 00000346 F7FF FFE9       BL               EnviaComando1640
  586 0000034A F85D EB04       POP              {LR}
  587 0000034E 4770            BX               LR
  588 00000350         
  589 00000350         GPIOPortJ_Handler
  590 00000350 4835            LDR              R0, =GPIO_PORTJ_AHB_ICR_R
  591 00000352 F04F 0101       MOV              R1, #2_1
  592 00000356 6001            STR              R1, [R0]
  593 00000358         
  594 00000358 F04F 0000       MOV              R0, #0x0
  595 0000035C F2C2 0000       MOVT             R0, #0x2000
  596 00000360 F04F 0100       MOV              R1, #0x0
  597 00000364 F840 1B04       STR              R1, [R0], #4
  598 00000368 F840 1B04       STR              R1, [R0], #4
  599 0000036C 8001            STRH             R1, [R0]
  600 0000036E 4770            BX               LR
  601 00000370         
  602 00000370                 ALIGN                        ; garante que o fim
                                                             da seção está alin
                                                            hada 
  603 00000370                 END                          ; fim do arquivo
              400FE608 
              400FEA08 
              40063528 
              40062528 
              40058528 
              40065528 
              40066528 
              40061528 
              40060528 
              4006352C 
              4006252C 
              4005852C 
              4006552C 
              4006652C 
              4006152C 
              4006052C 
              40062400 
              40063400 
              40058400 
              40065400 
              40066400 
              40061400 
              40060400 
              40062420 
              40063420 
              40058420 
              40065420 



ARM Macro Assembler    Page 15 


              40066420 
              40061420 
              40060420 
              4006251C 
              4006351C 
              4005851C 
              4006551C 
              4006651C 
              4006151C 
              4006051C 
              40062510 
              40060510 
              400583FC 
              400663FC 
              400653FC 
              40060410 
              40060404 
              40060408 
              4006040C 
              4006041C 
              E000E104 
              E000E430 
              400633FC 
              400623FC 
              400613FC 
Command Line: --debug --xref --diag_suppress=9931 --cpu=Cortex-M4.fp.sp --apcs=
interwork --depend=.\objects\gpio.d -o.\objects\gpio.o -IC:\Users\joaop\AppData
\Local\Arm\Packs\Keil\TM4C_DFP\1.1.0\Device\Include\TM4C129 --predefine="__EVAL
 SETA 1" --predefine="__UVISION_VERSION SETA 536" --predefine="TM4C1294NCPDT SE
TA 1" --list=.\listings\gpio.lst gpio.s



ARM Macro Assembler    Page 1 Alphabetic symbol ordering
Relocatable symbols

.text 00000000

Symbol: .text
   Definitions
      At line 112 in file gpio.s
   Uses
      None
Comment: .text unused
CursorHome 00000340

Symbol: CursorHome
   Definitions
      At line 582 in file gpio.s
   Uses
      At line 123 in file gpio.s
Comment: CursorHome used once
DesabilitaLCD 0000028C

Symbol: DesabilitaLCD
   Definitions
      At line 472 in file gpio.s
   Uses
      At line 520 in file gpio.s
      At line 527 in file gpio.s
      At line 541 in file gpio.s
      At line 549 in file gpio.s
      At line 563 in file gpio.s
      At line 571 in file gpio.s

EnviaComando1640 0000031C

Symbol: EnviaComando1640
   Definitions
      At line 560 in file gpio.s
   Uses
      At line 428 in file gpio.s
      At line 442 in file gpio.s
      At line 585 in file gpio.s

EnviaComando40 000002F8

Symbol: EnviaComando40
   Definitions
      At line 538 in file gpio.s
   Uses
      At line 419 in file gpio.s
      At line 422 in file gpio.s
      At line 425 in file gpio.s

EscreveCaracter 000002D4

Symbol: EscreveCaracter
   Definitions
      At line 517 in file gpio.s
   Uses
      At line 122 in file gpio.s
      At line 445 in file gpio.s
      At line 447 in file gpio.s
      At line 449 in file gpio.s



ARM Macro Assembler    Page 2 Alphabetic symbol ordering
Relocatable symbols

      At line 451 in file gpio.s
      At line 453 in file gpio.s
      At line 455 in file gpio.s
      At line 457 in file gpio.s
      At line 459 in file gpio.s
      At line 461 in file gpio.s
      At line 463 in file gpio.s

EscreveNome 0000022C

Symbol: EscreveNome
   Definitions
      At line 438 in file gpio.s
   Uses
      At line 430 in file gpio.s
Comment: EscreveNome used once
EsperaGPIO 00000022

Symbol: EsperaGPIO
   Definitions
      At line 146 in file gpio.s
   Uses
      At line 155 in file gpio.s
Comment: EsperaGPIO used once
GPIOPortJ_Handler 00000350

Symbol: GPIOPortJ_Handler
   Definitions
      At line 589 in file gpio.s
   Uses
      At line 124 in file gpio.s
Comment: GPIOPortJ_Handler used once
GPIO_Init 00000000

Symbol: GPIO_Init
   Definitions
      At line 134 in file gpio.s
   Uses
      At line 115 in file gpio.s
Comment: GPIO_Init used once
HabilitaLCDCmd 00000298

Symbol: HabilitaLCDCmd
   Definitions
      At line 483 in file gpio.s
   Uses
      At line 547 in file gpio.s
      At line 569 in file gpio.s

HabilitaLCDDado 000002B6

Symbol: HabilitaLCDDado
   Definitions
      At line 500 in file gpio.s
   Uses
      At line 526 in file gpio.s
Comment: HabilitaLCDDado used once
IniciaLCD 00000200




ARM Macro Assembler    Page 3 Alphabetic symbol ordering
Relocatable symbols

Symbol: IniciaLCD
   Definitions
      At line 416 in file gpio.s
   Uses
      At line 121 in file gpio.s
Comment: IniciaLCD used once
Le_teclas 000001C8

Symbol: Le_teclas
   Definitions
      At line 381 in file gpio.s
   Uses
      At line 119 in file gpio.s
Comment: Le_teclas used once
PiscaLedLoop 000001DE

Symbol: PiscaLedLoop
   Definitions
      At line 397 in file gpio.s
   Uses
      At line 407 in file gpio.s
Comment: PiscaLedLoop used once
PiscaLeds 000001CE

Symbol: PiscaLeds
   Definitions
      At line 391 in file gpio.s
   Uses
      At line 120 in file gpio.s
Comment: PiscaLeds used once
Teclado_col1 0000018C

Symbol: Teclado_col1
   Definitions
      At line 336 in file gpio.s
   Uses
      At line 116 in file gpio.s
Comment: Teclado_col1 used once
Teclado_col2 000001A0

Symbol: Teclado_col2
   Definitions
      At line 350 in file gpio.s
   Uses
      At line 117 in file gpio.s
Comment: Teclado_col2 used once
Teclado_col3 000001B4

Symbol: Teclado_col3
   Definitions
      At line 364 in file gpio.s
   Uses
      At line 118 in file gpio.s
Comment: Teclado_col3 used once
19 symbols



ARM Macro Assembler    Page 1 Alphabetic symbol ordering
Absolute symbols

GPIO_PORTA 00000001

Symbol: GPIO_PORTA
   Definitions
      At line 51 in file gpio.s
   Uses
      At line 138 in file gpio.s
      At line 149 in file gpio.s

GPIO_PORTA_AHB_AFSEL_R 40058420

Symbol: GPIO_PORTA_AHB_AFSEL_R
   Definitions
      At line 47 in file gpio.s
   Uses
      At line 220 in file gpio.s
Comment: GPIO_PORTA_AHB_AFSEL_R used once
GPIO_PORTA_AHB_AMSEL_R 40058528

Symbol: GPIO_PORTA_AHB_AMSEL_R
   Definitions
      At line 44 in file gpio.s
   Uses
      At line 163 in file gpio.s
Comment: GPIO_PORTA_AHB_AMSEL_R used once
GPIO_PORTA_AHB_CR_R 40058524

Symbol: GPIO_PORTA_AHB_CR_R
   Definitions
      At line 43 in file gpio.s
   Uses
      None
Comment: GPIO_PORTA_AHB_CR_R unused
GPIO_PORTA_AHB_DATA_R 400583FC

Symbol: GPIO_PORTA_AHB_DATA_R
   Definitions
      At line 50 in file gpio.s
   Uses
      At line 270 in file gpio.s
Comment: GPIO_PORTA_AHB_DATA_R used once
GPIO_PORTA_AHB_DEN_R 4005851C

Symbol: GPIO_PORTA_AHB_DEN_R
   Definitions
      At line 48 in file gpio.s
   Uses
      At line 239 in file gpio.s
Comment: GPIO_PORTA_AHB_DEN_R used once
GPIO_PORTA_AHB_DIR_R 40058400

Symbol: GPIO_PORTA_AHB_DIR_R
   Definitions
      At line 46 in file gpio.s
   Uses
      At line 198 in file gpio.s
Comment: GPIO_PORTA_AHB_DIR_R used once
GPIO_PORTA_AHB_LOCK_R 40058520




ARM Macro Assembler    Page 2 Alphabetic symbol ordering
Absolute symbols

Symbol: GPIO_PORTA_AHB_LOCK_R
   Definitions
      At line 42 in file gpio.s
   Uses
      None
Comment: GPIO_PORTA_AHB_LOCK_R unused
GPIO_PORTA_AHB_PCTL_R 4005852C

Symbol: GPIO_PORTA_AHB_PCTL_R
   Definitions
      At line 45 in file gpio.s
   Uses
      At line 180 in file gpio.s
Comment: GPIO_PORTA_AHB_PCTL_R used once
GPIO_PORTA_AHB_PUR_R 40058510

Symbol: GPIO_PORTA_AHB_PUR_R
   Definitions
      At line 49 in file gpio.s
   Uses
      None
Comment: GPIO_PORTA_AHB_PUR_R unused
GPIO_PORTJ 00000100

Symbol: GPIO_PORTJ
   Definitions
      At line 104 in file gpio.s
   Uses
      At line 142 in file gpio.s
      At line 153 in file gpio.s

GPIO_PORTJ_AHB_AFSEL_R 40060420

Symbol: GPIO_PORTJ_AHB_AFSEL_R
   Definitions
      At line 95 in file gpio.s
   Uses
      At line 228 in file gpio.s
Comment: GPIO_PORTJ_AHB_AFSEL_R used once
GPIO_PORTJ_AHB_AMSEL_R 40060528

Symbol: GPIO_PORTJ_AHB_AMSEL_R
   Definitions
      At line 92 in file gpio.s
   Uses
      At line 171 in file gpio.s
Comment: GPIO_PORTJ_AHB_AMSEL_R used once
GPIO_PORTJ_AHB_CR_R 40060524

Symbol: GPIO_PORTJ_AHB_CR_R
   Definitions
      At line 91 in file gpio.s
   Uses
      None
Comment: GPIO_PORTJ_AHB_CR_R unused
GPIO_PORTJ_AHB_DATA_R 400603FC

Symbol: GPIO_PORTJ_AHB_DATA_R
   Definitions



ARM Macro Assembler    Page 3 Alphabetic symbol ordering
Absolute symbols

      At line 98 in file gpio.s
   Uses
      None
Comment: GPIO_PORTJ_AHB_DATA_R unused
GPIO_PORTJ_AHB_DEN_R 4006051C

Symbol: GPIO_PORTJ_AHB_DEN_R
   Definitions
      At line 96 in file gpio.s
   Uses
      At line 255 in file gpio.s
Comment: GPIO_PORTJ_AHB_DEN_R used once
GPIO_PORTJ_AHB_DIR_R 40060400

Symbol: GPIO_PORTJ_AHB_DIR_R
   Definitions
      At line 94 in file gpio.s
   Uses
      At line 210 in file gpio.s
Comment: GPIO_PORTJ_AHB_DIR_R used once
GPIO_PORTJ_AHB_IBE_R 40060408

Symbol: GPIO_PORTJ_AHB_IBE_R
   Definitions
      At line 101 in file gpio.s
   Uses
      At line 293 in file gpio.s
Comment: GPIO_PORTJ_AHB_IBE_R used once
GPIO_PORTJ_AHB_ICR_R 4006041C

Symbol: GPIO_PORTJ_AHB_ICR_R
   Definitions
      At line 103 in file gpio.s
   Uses
      At line 303 in file gpio.s
      At line 590 in file gpio.s

GPIO_PORTJ_AHB_IEV_R 4006040C

Symbol: GPIO_PORTJ_AHB_IEV_R
   Definitions
      At line 102 in file gpio.s
   Uses
      At line 298 in file gpio.s
Comment: GPIO_PORTJ_AHB_IEV_R used once
GPIO_PORTJ_AHB_IM_R 40060410

Symbol: GPIO_PORTJ_AHB_IM_R
   Definitions
      At line 99 in file gpio.s
   Uses
      At line 284 in file gpio.s
      At line 308 in file gpio.s

GPIO_PORTJ_AHB_IS_R 40060404

Symbol: GPIO_PORTJ_AHB_IS_R
   Definitions
      At line 100 in file gpio.s



ARM Macro Assembler    Page 4 Alphabetic symbol ordering
Absolute symbols

   Uses
      At line 288 in file gpio.s
Comment: GPIO_PORTJ_AHB_IS_R used once
GPIO_PORTJ_AHB_LOCK_R 40060520

Symbol: GPIO_PORTJ_AHB_LOCK_R
   Definitions
      At line 90 in file gpio.s
   Uses
      None
Comment: GPIO_PORTJ_AHB_LOCK_R unused
GPIO_PORTJ_AHB_PCTL_R 4006052C

Symbol: GPIO_PORTJ_AHB_PCTL_R
   Definitions
      At line 93 in file gpio.s
   Uses
      At line 188 in file gpio.s
Comment: GPIO_PORTJ_AHB_PCTL_R used once
GPIO_PORTJ_AHB_PUR_R 40060510

Symbol: GPIO_PORTJ_AHB_PUR_R
   Definitions
      At line 97 in file gpio.s
   Uses
      At line 264 in file gpio.s
Comment: GPIO_PORTJ_AHB_PUR_R used once
GPIO_PORTK 00000200

Symbol: GPIO_PORTK
   Definitions
      At line 87 in file gpio.s
   Uses
      At line 141 in file gpio.s
      At line 152 in file gpio.s

GPIO_PORTK_AHB_AFSEL_R 40061420

Symbol: GPIO_PORTK_AHB_AFSEL_R
   Definitions
      At line 83 in file gpio.s
   Uses
      At line 226 in file gpio.s
Comment: GPIO_PORTK_AHB_AFSEL_R used once
GPIO_PORTK_AHB_AMSEL_R 40061528

Symbol: GPIO_PORTK_AHB_AMSEL_R
   Definitions
      At line 80 in file gpio.s
   Uses
      At line 169 in file gpio.s
Comment: GPIO_PORTK_AHB_AMSEL_R used once
GPIO_PORTK_AHB_CR_R 40061524

Symbol: GPIO_PORTK_AHB_CR_R
   Definitions
      At line 79 in file gpio.s
   Uses
      None



ARM Macro Assembler    Page 5 Alphabetic symbol ordering
Absolute symbols

Comment: GPIO_PORTK_AHB_CR_R unused
GPIO_PORTK_AHB_DATA_R 400613FC

Symbol: GPIO_PORTK_AHB_DATA_R
   Definitions
      At line 86 in file gpio.s
   Uses
      At line 523 in file gpio.s
      At line 543 in file gpio.s
      At line 565 in file gpio.s

GPIO_PORTK_AHB_DEN_R 4006151C

Symbol: GPIO_PORTK_AHB_DEN_R
   Definitions
      At line 84 in file gpio.s
   Uses
      At line 251 in file gpio.s
Comment: GPIO_PORTK_AHB_DEN_R used once
GPIO_PORTK_AHB_DIR_R 40061400

Symbol: GPIO_PORTK_AHB_DIR_R
   Definitions
      At line 82 in file gpio.s
   Uses
      At line 207 in file gpio.s
Comment: GPIO_PORTK_AHB_DIR_R used once
GPIO_PORTK_AHB_LOCK_R 40061520

Symbol: GPIO_PORTK_AHB_LOCK_R
   Definitions
      At line 78 in file gpio.s
   Uses
      None
Comment: GPIO_PORTK_AHB_LOCK_R unused
GPIO_PORTK_AHB_PCTL_R 4006152C

Symbol: GPIO_PORTK_AHB_PCTL_R
   Definitions
      At line 81 in file gpio.s
   Uses
      At line 186 in file gpio.s
Comment: GPIO_PORTK_AHB_PCTL_R used once
GPIO_PORTK_AHB_PUR_R 40061510

Symbol: GPIO_PORTK_AHB_PUR_R
   Definitions
      At line 85 in file gpio.s
   Uses
      None
Comment: GPIO_PORTK_AHB_PUR_R unused
GPIO_PORTL 00000400

Symbol: GPIO_PORTL
   Definitions
      At line 28 in file gpio.s
   Uses
      At line 136 in file gpio.s
      At line 147 in file gpio.s



ARM Macro Assembler    Page 6 Alphabetic symbol ordering
Absolute symbols


GPIO_PORTL_AHB_AFSEL_R 40062420

Symbol: GPIO_PORTL_AHB_AFSEL_R
   Definitions
      At line 24 in file gpio.s
   Uses
      At line 216 in file gpio.s
Comment: GPIO_PORTL_AHB_AFSEL_R used once
GPIO_PORTL_AHB_AMSEL_R 40062528

Symbol: GPIO_PORTL_AHB_AMSEL_R
   Definitions
      At line 21 in file gpio.s
   Uses
      At line 161 in file gpio.s
Comment: GPIO_PORTL_AHB_AMSEL_R used once
GPIO_PORTL_AHB_CR_R 40062524

Symbol: GPIO_PORTL_AHB_CR_R
   Definitions
      At line 20 in file gpio.s
   Uses
      None
Comment: GPIO_PORTL_AHB_CR_R unused
GPIO_PORTL_AHB_DATA_R 400623FC

Symbol: GPIO_PORTL_AHB_DATA_R
   Definitions
      At line 27 in file gpio.s
   Uses
      At line 382 in file gpio.s
Comment: GPIO_PORTL_AHB_DATA_R used once
GPIO_PORTL_AHB_DEN_R 4006251C

Symbol: GPIO_PORTL_AHB_DEN_R
   Definitions
      At line 25 in file gpio.s
   Uses
      At line 231 in file gpio.s
Comment: GPIO_PORTL_AHB_DEN_R used once
GPIO_PORTL_AHB_DIR_R 40062400

Symbol: GPIO_PORTL_AHB_DIR_R
   Definitions
      At line 23 in file gpio.s
   Uses
      At line 191 in file gpio.s
Comment: GPIO_PORTL_AHB_DIR_R used once
GPIO_PORTL_AHB_LOCK_R 40062520

Symbol: GPIO_PORTL_AHB_LOCK_R
   Definitions
      At line 19 in file gpio.s
   Uses
      None
Comment: GPIO_PORTL_AHB_LOCK_R unused
GPIO_PORTL_AHB_PCTL_R 4006252C




ARM Macro Assembler    Page 7 Alphabetic symbol ordering
Absolute symbols

Symbol: GPIO_PORTL_AHB_PCTL_R
   Definitions
      At line 22 in file gpio.s
   Uses
      At line 178 in file gpio.s
Comment: GPIO_PORTL_AHB_PCTL_R used once
GPIO_PORTL_AHB_PUR_R 40062510

Symbol: GPIO_PORTL_AHB_PUR_R
   Definitions
      At line 26 in file gpio.s
   Uses
      At line 259 in file gpio.s
Comment: GPIO_PORTL_AHB_PUR_R used once
GPIO_PORTM 00000800

Symbol: GPIO_PORTM
   Definitions
      At line 39 in file gpio.s
   Uses
      At line 137 in file gpio.s
      At line 148 in file gpio.s

GPIO_PORTM_AHB_AFSEL_R 40063420

Symbol: GPIO_PORTM_AHB_AFSEL_R
   Definitions
      At line 35 in file gpio.s
   Uses
      At line 218 in file gpio.s
Comment: GPIO_PORTM_AHB_AFSEL_R used once
GPIO_PORTM_AHB_AMSEL_R 40063528

Symbol: GPIO_PORTM_AHB_AMSEL_R
   Definitions
      At line 32 in file gpio.s
   Uses
      At line 159 in file gpio.s
Comment: GPIO_PORTM_AHB_AMSEL_R used once
GPIO_PORTM_AHB_CR_R 40063524

Symbol: GPIO_PORTM_AHB_CR_R
   Definitions
      At line 31 in file gpio.s
   Uses
      None
Comment: GPIO_PORTM_AHB_CR_R unused
GPIO_PORTM_AHB_DATA_R 400633FC

Symbol: GPIO_PORTM_AHB_DATA_R
   Definitions
      At line 38 in file gpio.s
   Uses
      At line 343 in file gpio.s
      At line 357 in file gpio.s
      At line 371 in file gpio.s
      At line 473 in file gpio.s
      At line 485 in file gpio.s
      At line 502 in file gpio.s



ARM Macro Assembler    Page 8 Alphabetic symbol ordering
Absolute symbols


GPIO_PORTM_AHB_DEN_R 4006351C

Symbol: GPIO_PORTM_AHB_DEN_R
   Definitions
      At line 36 in file gpio.s
   Uses
      At line 235 in file gpio.s
Comment: GPIO_PORTM_AHB_DEN_R used once
GPIO_PORTM_AHB_DIR_R 40063400

Symbol: GPIO_PORTM_AHB_DIR_R
   Definitions
      At line 34 in file gpio.s
   Uses
      At line 194 in file gpio.s
      At line 338 in file gpio.s
      At line 352 in file gpio.s
      At line 366 in file gpio.s

GPIO_PORTM_AHB_LOCK_R 40063520

Symbol: GPIO_PORTM_AHB_LOCK_R
   Definitions
      At line 30 in file gpio.s
   Uses
      None
Comment: GPIO_PORTM_AHB_LOCK_R unused
GPIO_PORTM_AHB_PCTL_R 4006352C

Symbol: GPIO_PORTM_AHB_PCTL_R
   Definitions
      At line 33 in file gpio.s
   Uses
      At line 176 in file gpio.s
Comment: GPIO_PORTM_AHB_PCTL_R used once
GPIO_PORTM_AHB_PUR_R 40063510

Symbol: GPIO_PORTM_AHB_PUR_R
   Definitions
      At line 37 in file gpio.s
   Uses
      None
Comment: GPIO_PORTM_AHB_PUR_R unused
GPIO_PORTP 00002000

Symbol: GPIO_PORTP
   Definitions
      At line 75 in file gpio.s
   Uses
      At line 139 in file gpio.s
      At line 150 in file gpio.s

GPIO_PORTP_AHB_AFSEL_R 40065420

Symbol: GPIO_PORTP_AHB_AFSEL_R
   Definitions
      At line 71 in file gpio.s
   Uses



ARM Macro Assembler    Page 9 Alphabetic symbol ordering
Absolute symbols

      At line 222 in file gpio.s
Comment: GPIO_PORTP_AHB_AFSEL_R used once
GPIO_PORTP_AHB_AMSEL_R 40065528

Symbol: GPIO_PORTP_AHB_AMSEL_R
   Definitions
      At line 68 in file gpio.s
   Uses
      At line 165 in file gpio.s
Comment: GPIO_PORTP_AHB_AMSEL_R used once
GPIO_PORTP_AHB_CR_R 40065524

Symbol: GPIO_PORTP_AHB_CR_R
   Definitions
      At line 67 in file gpio.s
   Uses
      None
Comment: GPIO_PORTP_AHB_CR_R unused
GPIO_PORTP_AHB_DATA_R 400653FC

Symbol: GPIO_PORTP_AHB_DATA_R
   Definitions
      At line 74 in file gpio.s
   Uses
      At line 278 in file gpio.s
      At line 392 in file gpio.s

GPIO_PORTP_AHB_DEN_R 4006551C

Symbol: GPIO_PORTP_AHB_DEN_R
   Definitions
      At line 72 in file gpio.s
   Uses
      At line 243 in file gpio.s
Comment: GPIO_PORTP_AHB_DEN_R used once
GPIO_PORTP_AHB_DIR_R 40065400

Symbol: GPIO_PORTP_AHB_DIR_R
   Definitions
      At line 70 in file gpio.s
   Uses
      At line 201 in file gpio.s
Comment: GPIO_PORTP_AHB_DIR_R used once
GPIO_PORTP_AHB_LOCK_R 40065520

Symbol: GPIO_PORTP_AHB_LOCK_R
   Definitions
      At line 66 in file gpio.s
   Uses
      None
Comment: GPIO_PORTP_AHB_LOCK_R unused
GPIO_PORTP_AHB_PCTL_R 4006552C

Symbol: GPIO_PORTP_AHB_PCTL_R
   Definitions
      At line 69 in file gpio.s
   Uses
      At line 182 in file gpio.s
Comment: GPIO_PORTP_AHB_PCTL_R used once



ARM Macro Assembler    Page 10 Alphabetic symbol ordering
Absolute symbols

GPIO_PORTP_AHB_PUR_R 40065510

Symbol: GPIO_PORTP_AHB_PUR_R
   Definitions
      At line 73 in file gpio.s
   Uses
      None
Comment: GPIO_PORTP_AHB_PUR_R unused
GPIO_PORTQ 00004000

Symbol: GPIO_PORTQ
   Definitions
      At line 63 in file gpio.s
   Uses
      At line 140 in file gpio.s
      At line 151 in file gpio.s

GPIO_PORTQ_AHB_AFSEL_R 40066420

Symbol: GPIO_PORTQ_AHB_AFSEL_R
   Definitions
      At line 59 in file gpio.s
   Uses
      At line 224 in file gpio.s
Comment: GPIO_PORTQ_AHB_AFSEL_R used once
GPIO_PORTQ_AHB_AMSEL_R 40066528

Symbol: GPIO_PORTQ_AHB_AMSEL_R
   Definitions
      At line 56 in file gpio.s
   Uses
      At line 167 in file gpio.s
Comment: GPIO_PORTQ_AHB_AMSEL_R used once
GPIO_PORTQ_AHB_CR_R 40066524

Symbol: GPIO_PORTQ_AHB_CR_R
   Definitions
      At line 55 in file gpio.s
   Uses
      None
Comment: GPIO_PORTQ_AHB_CR_R unused
GPIO_PORTQ_AHB_DATA_R 400663FC

Symbol: GPIO_PORTQ_AHB_DATA_R
   Definitions
      At line 62 in file gpio.s
   Uses
      At line 274 in file gpio.s
Comment: GPIO_PORTQ_AHB_DATA_R used once
GPIO_PORTQ_AHB_DEN_R 4006651C

Symbol: GPIO_PORTQ_AHB_DEN_R
   Definitions
      At line 60 in file gpio.s
   Uses
      At line 247 in file gpio.s
Comment: GPIO_PORTQ_AHB_DEN_R used once
GPIO_PORTQ_AHB_DIR_R 40066400




ARM Macro Assembler    Page 11 Alphabetic symbol ordering
Absolute symbols

Symbol: GPIO_PORTQ_AHB_DIR_R
   Definitions
      At line 58 in file gpio.s
   Uses
      At line 204 in file gpio.s
Comment: GPIO_PORTQ_AHB_DIR_R used once
GPIO_PORTQ_AHB_LOCK_R 40066520

Symbol: GPIO_PORTQ_AHB_LOCK_R
   Definitions
      At line 54 in file gpio.s
   Uses
      None
Comment: GPIO_PORTQ_AHB_LOCK_R unused
GPIO_PORTQ_AHB_PCTL_R 4006652C

Symbol: GPIO_PORTQ_AHB_PCTL_R
   Definitions
      At line 57 in file gpio.s
   Uses
      At line 184 in file gpio.s
Comment: GPIO_PORTQ_AHB_PCTL_R used once
GPIO_PORTQ_AHB_PUR_R 40066510

Symbol: GPIO_PORTQ_AHB_PUR_R
   Definitions
      At line 61 in file gpio.s
   Uses
      None
Comment: GPIO_PORTQ_AHB_PUR_R unused
NVIC_EN1_R E000E104

Symbol: NVIC_EN1_R
   Definitions
      At line 107 in file gpio.s
   Uses
      At line 313 in file gpio.s
Comment: NVIC_EN1_R used once
NVIC_PRI12_R E000E430

Symbol: NVIC_PRI12_R
   Definitions
      At line 108 in file gpio.s
   Uses
      At line 322 in file gpio.s
Comment: NVIC_PRI12_R used once
SYSCTL_PRGPIO_R 400FEA08

Symbol: SYSCTL_PRGPIO_R
   Definitions
      At line 15 in file gpio.s
   Uses
      At line 145 in file gpio.s
Comment: SYSCTL_PRGPIO_R used once
SYSCTL_RCGCGPIO_R 400FE608

Symbol: SYSCTL_RCGCGPIO_R
   Definitions
      At line 14 in file gpio.s



ARM Macro Assembler    Page 12 Alphabetic symbol ordering
Absolute symbols

   Uses
      At line 135 in file gpio.s
Comment: SYSCTL_RCGCGPIO_R used once
79 symbols



ARM Macro Assembler    Page 1 Alphabetic symbol ordering
External symbols

SysTick_Wait1ms 00000000

Symbol: SysTick_Wait1ms
   Definitions
      At line 126 in file gpio.s
   Uses
      At line 400 in file gpio.s
      At line 403 in file gpio.s

SysTick_Wait1us 00000000

Symbol: SysTick_Wait1us
   Definitions
      At line 127 in file gpio.s
   Uses
      At line 492 in file gpio.s
      At line 509 in file gpio.s
      At line 530 in file gpio.s
      At line 552 in file gpio.s
      At line 574 in file gpio.s

2 symbols
436 symbols in table
