


ARM Macro Assembler    Page 1 


    1 00000000         ; main.s
    2 00000000         ; Desenvolvido para a placa EK-TM4C1294XL
    3 00000000         ; Prof. Guilherme Peron
    4 00000000         ; Ver 1 19/03/2018
    5 00000000         ; Ver 2 26/08/2018
    6 00000000         ; Este programa deve esperar o usuário pressionar uma ch
                       ave.
    7 00000000         ; Caso o usuário pressione uma chave, um LED deve piscar
                        a cada 1 segundo.
    8 00000000         
    9 00000000         ; ------------------------------------------------------
                       -------------------------
   10 00000000                 THUMB                        ; Instruções do tip
                                                            o Thumb-2
   11 00000000         ; ------------------------------------------------------
                       -------------------------
   12 00000000         
   13 00000000         ; Declarações EQU - Defines
   14 00000000         ;<NOME>         EQU <VALOR>
   15 00000000         ; ========================
   16 00000000         ; Definições de Valores
   17 00000000         
   18 00000000         
   19 00000000         ; ------------------------------------------------------
                       -------------------------
   20 00000000         ; Área de Dados - Declarações de variáveis
   21 00000000                 AREA             DATA, ALIGN=2
   22 00000000         ; Se alguma variável for chamada em outro arquivo
   23 00000000         ;EXPORT  <var> [DATA,SIZE=<tam>]   ; Permite chamar a va
                       riável <var> a 
   24 00000000         ; partir de outro arquivo
   25 00000000         ;<var> SPACE <tam>                        ; Declara uma 
                       variável de nome <var>
   26 00000000         ; de <tam> bytes a partir da primeira 
   27 00000000         ; posição da RAM  
   28 00000000         
   29 00000000         ; ------------------------------------------------------
                       -------------------------
   30 00000000         ; Área de Código - Tudo abaixo da diretiva a seguir será
                        armazenado na memória de 
   31 00000000         ;                  código
   32 00000000                 AREA             |.text|, CODE, READONLY, ALIGN=
2
   33 00000000         
   34 00000000         ; Se alguma função do arquivo for chamada em outro arqui
                       vo 
   35 00000000                 EXPORT           Start       ; Permite chamar a 
                                                            função Start a part
                                                            ir de 
   36 00000000         ; outro arquivo. No caso startup.s
   37 00000000         
   38 00000000         ; Se chamar alguma função externa 
   39 00000000         ;IMPORT <func>              ; Permite chamar dentro dest
                       e arquivo uma 
   40 00000000         ; função <func>
   41 00000000                 IMPORT           PLL_Init
   42 00000000                 IMPORT           SysTick_Init
   43 00000000                 IMPORT           SysTick_Wait1ms
   44 00000000                 IMPORT           GPIO_Init



ARM Macro Assembler    Page 2 


   45 00000000                 IMPORT           Teclado_col1
   46 00000000                 IMPORT           Teclado_col2
   47 00000000                 IMPORT           Teclado_col3
   48 00000000                 IMPORT           Le_teclas
   49 00000000                 IMPORT           PiscaLeds
   50 00000000                 IMPORT           IniciaLCD
   51 00000000                 IMPORT           EscreveCaracter
   52 00000000                 IMPORT           CursorHome
   53 00000000         
   54 00000000         ;Endereços de memória onde serão salvos as posições da t
                       abuada
   55 00000000 20000000 
                       Tabuada0_mem
                               EQU              0x20000000
   56 00000000 20000001 
                       Tabuada1_mem
                               EQU              0x20000001
   57 00000000 20000002 
                       Tabuada2_mem
                               EQU              0x20000002
   58 00000000 20000003 
                       Tabuada3_mem
                               EQU              0x20000003
   59 00000000 20000004 
                       Tabuada4_mem
                               EQU              0x20000004
   60 00000000 20000005 
                       Tabuada5_mem
                               EQU              0x20000005
   61 00000000 20000006 
                       Tabuada6_mem
                               EQU              0x20000006
   62 00000000 20000007 
                       Tabuada7_mem
                               EQU              0x20000007
   63 00000000 20000008 
                       Tabuada8_mem
                               EQU              0x20000008
   64 00000000 20000009 
                       Tabuada9_mem
                               EQU              0x20000009
   65 00000000         
   66 00000000         
   67 00000000         ; ------------------------------------------------------
                       -------------------------
   68 00000000         ; Função main()
   69 00000000         Start
   70 00000000 F7FF FFFE       BL               PLL_Init    ;Chama a subrotina 
                                                            para alterar o cloc
                                                            k do microcontrolad
                                                            or para 80MHz
   71 00000004 F7FF FFFE       BL               SysTick_Init ;Chama a subrotina
                                                             para inicializar o
                                                             SysTick
   72 00000008 F7FF FFFE       BL               GPIO_Init   ;Chama a subrotina 
                                                            que inicializa os G
                                                            PIO
   73 0000000C F7FF FFFE       BL               IniciaLCD
   74 00000010         



ARM Macro Assembler    Page 3 


   75 00000010         ;Inicializa memória
   76 00000010 F04F 0000       MOV              R0, #0
   77 00000014 F04F 5100       LDR              R1, =Tabuada0_mem
   78 00000018 F801 0B01       STRB             R0, [R1], #1 ;0
   79 0000001C F801 0B01       STRB             R0, [R1], #1 ;1
   80 00000020 F801 0B01       STRB             R0, [R1], #1 ;2
   81 00000024 F801 0B01       STRB             R0, [R1], #1 ;3
   82 00000028 F801 0B01       STRB             R0, [R1], #1 ;4
   83 0000002C F801 0B01       STRB             R0, [R1], #1 ;5
   84 00000030 F801 0B01       STRB             R0, [R1], #1 ;6
   85 00000034 F801 0B01       STRB             R0, [R1], #1 ;7
   86 00000038 F801 0B01       STRB             R0, [R1], #1 ;8
   87 0000003C 7008            STRB             R0, [R1]    ;9
   88 0000003E         
   89 0000003E         
   90 0000003E         MainLoop
   91 0000003E         ;Função de varrer o teclado
   92 0000003E F7FF FFFE       BL               Teclado_col1
   93 00000042 F04F 000A       MOV              R0, #10
   94 00000046 F7FF FFFE       BL               SysTick_Wait1ms
   95 0000004A F7FF FFFE       BL               Le_teclas
   96 0000004E         
   97 0000004E 280E            CMP              R0, #2_1110
   98 00000050 BF08 F000 
              F847             BLEQ             Tabuada1
   99 00000056 280D            CMP              R0, #2_1101
  100 00000058 BF08 F000 
              F86D             BLEQ             Tabuada4
  101 0000005E 280B            CMP              R0, #2_1011
  102 00000060 BF08 F000 
              F893             BLEQ             Tabuada7
  103 00000066         
  104 00000066 F7FF FFFE       BL               Teclado_col2
  105 0000006A F04F 000A       MOV              R0, #10
  106 0000006E F7FF FFFE       BL               SysTick_Wait1ms
  107 00000072 F7FF FFFE       BL               Le_teclas
  108 00000076         
  109 00000076 280E            CMP              R0, #2_1110
  110 00000078 BF08 F000 
              F841             BLEQ             Tabuada2
  111 0000007E 280D            CMP              R0, #2_1101
  112 00000080 BF08 F000 
              F867             BLEQ             Tabuada5
  113 00000086 280B            CMP              R0, #2_1011
  114 00000088 BF08 F000 
              F88D             BLEQ             Tabuada8
  115 0000008E 2807            CMP              R0, #2_0111
  116 00000090 BF08 F000 
              F819             BLEQ             Tabuada0
  117 00000096         
  118 00000096         
  119 00000096 F7FF FFFE       BL               Teclado_col3
  120 0000009A F04F 000A       MOV              R0, #10
  121 0000009E F7FF FFFE       BL               SysTick_Wait1ms
  122 000000A2 F7FF FFFE       BL               Le_teclas
  123 000000A6         
  124 000000A6 280E            CMP              R0, #2_1110
  125 000000A8 BF08 F000 
              F837             BLEQ             Tabuada3



ARM Macro Assembler    Page 4 


  126 000000AE 280D            CMP              R0, #2_1101
  127 000000B0 BF08 F000 
              F85D             BLEQ             Tabuada6
  128 000000B6 280B            CMP              R0, #2_1011
  129 000000B8 BF08 F000 
              F883             BLEQ             Tabuada9
  130 000000BE         
  131 000000BE F44F 70FA       MOV              R0, #500
  132 000000C2 F7FF FFFE       BL               SysTick_Wait1ms
  133 000000C6         
  134 000000C6 E7BA            B                MainLoop
  135 000000C8         
  136 000000C8         ;Funções que executam cata tabuada
  137 000000C8         Tabuada0
  138 000000C8 F04F 5B00       LDR              R11, =Tabuada0_mem
  139 000000CC F89B C000       LDRB             R12, [R11]
  140 000000D0 B500            PUSH             {LR}
  141 000000D2         
  142 000000D2 F04F 0A00       MOV              R10, #0
  143 000000D6 F000 F895       BL               Multiplica
  144 000000DA         
  145 000000DA F000 F881       BL               AdicionaFator
  146 000000DE F85D EB04       POP              {LR}
  147 000000E2         
  148 000000E2 4770            BX               LR
  149 000000E4         Tabuada1
  150 000000E4 F8DF B168       LDR              R11, =Tabuada1_mem
  151 000000E8 F89B C000       LDRB             R12, [R11]
  152 000000EC B500            PUSH             {LR}
  153 000000EE         
  154 000000EE F04F 0A01       MOV              R10, #1
  155 000000F2 F000 F887       BL               Multiplica
  156 000000F6         
  157 000000F6 F000 F873       BL               AdicionaFator
  158 000000FA F85D EB04       POP              {LR}
  159 000000FE         
  160 000000FE 4770            BX               LR
  161 00000100         Tabuada2
  162 00000100 F8DF B150       LDR              R11, =Tabuada2_mem
  163 00000104 F89B C000       LDRB             R12, [R11]
  164 00000108 B500            PUSH             {LR}
  165 0000010A         
  166 0000010A F04F 0A02       MOV              R10, #2
  167 0000010E F000 F879       BL               Multiplica
  168 00000112         
  169 00000112 F000 F865       BL               AdicionaFator
  170 00000116 F85D EB04       POP              {LR}
  171 0000011A         
  172 0000011A 4770            BX               LR
  173 0000011C         Tabuada3
  174 0000011C F8DF B138       LDR              R11, =Tabuada3_mem
  175 00000120 F89B C000       LDRB             R12, [R11]
  176 00000124 B500            PUSH             {LR}
  177 00000126         
  178 00000126 F04F 0A03       MOV              R10, #3
  179 0000012A F000 F86B       BL               Multiplica
  180 0000012E         
  181 0000012E F000 F857       BL               AdicionaFator
  182 00000132 F85D EB04       POP              {LR}



ARM Macro Assembler    Page 5 


  183 00000136         
  184 00000136 4770            BX               LR
  185 00000138         Tabuada4
  186 00000138 F8DF B120       LDR              R11, =Tabuada4_mem
  187 0000013C F89B C000       LDRB             R12, [R11]
  188 00000140 B500            PUSH             {LR}
  189 00000142         
  190 00000142 F04F 0A04       MOV              R10, #4
  191 00000146 F000 F85D       BL               Multiplica
  192 0000014A         
  193 0000014A F000 F849       BL               AdicionaFator
  194 0000014E F85D EB04       POP              {LR}
  195 00000152         
  196 00000152 4770            BX               LR
  197 00000154         Tabuada5
  198 00000154 F8DF B108       LDR              R11, =Tabuada5_mem
  199 00000158 F89B C000       LDRB             R12, [R11]
  200 0000015C B500            PUSH             {LR}
  201 0000015E         
  202 0000015E F04F 0A05       MOV              R10, #5
  203 00000162 F000 F84F       BL               Multiplica
  204 00000166         
  205 00000166 F000 F83B       BL               AdicionaFator
  206 0000016A F85D EB04       POP              {LR}
  207 0000016E         
  208 0000016E 4770            BX               LR
  209 00000170         Tabuada6
  210 00000170 F8DF B0F0       LDR              R11, =Tabuada6_mem
  211 00000174 F89B C000       LDRB             R12, [R11]
  212 00000178 B500            PUSH             {LR}
  213 0000017A         
  214 0000017A F04F 0A06       MOV              R10, #6
  215 0000017E F000 F841       BL               Multiplica
  216 00000182         
  217 00000182 F000 F82D       BL               AdicionaFator
  218 00000186 F85D EB04       POP              {LR}
  219 0000018A         
  220 0000018A 4770            BX               LR
  221 0000018C         Tabuada7
  222 0000018C F8DF B0D8       LDR              R11, =Tabuada7_mem
  223 00000190 F89B C000       LDRB             R12, [R11]
  224 00000194 B500            PUSH             {LR}
  225 00000196         
  226 00000196 F04F 0A07       MOV              R10, #7
  227 0000019A F000 F833       BL               Multiplica
  228 0000019E         
  229 0000019E F000 F81F       BL               AdicionaFator
  230 000001A2 F85D EB04       POP              {LR}
  231 000001A6         
  232 000001A6 4770            BX               LR
  233 000001A8         Tabuada8
  234 000001A8 F8DF B0C0       LDR              R11, =Tabuada8_mem
  235 000001AC F89B C000       LDRB             R12, [R11]
  236 000001B0 B500            PUSH             {LR}
  237 000001B2         
  238 000001B2 F04F 0A08       MOV              R10, #8
  239 000001B6 F000 F825       BL               Multiplica
  240 000001BA         
  241 000001BA F000 F811       BL               AdicionaFator



ARM Macro Assembler    Page 6 


  242 000001BE F85D EB04       POP              {LR}
  243 000001C2         
  244 000001C2 4770            BX               LR
  245 000001C4         Tabuada9
  246 000001C4 F8DF B0A8       LDR              R11, =Tabuada9_mem
  247 000001C8 F89B C000       LDRB             R12, [R11]
  248 000001CC B500            PUSH             {LR}
  249 000001CE         
  250 000001CE F04F 0A09       MOV              R10, #9
  251 000001D2 F000 F817       BL               Multiplica
  252 000001D6         
  253 000001D6 F000 F803       BL               AdicionaFator
  254 000001DA F85D EB04       POP              {LR}
  255 000001DE         
  256 000001DE 4770            BX               LR
  257 000001E0         
  258 000001E0         ; ------------------------------------------------------
                       -------------------------
  259 000001E0         ; Função que adiciona um ao multiplicador da tabuada. Ao
                        chegar a 10, reseta e pisca os LEDs
  260 000001E0         ; Parâmetro de entrada: R11 -> Endereço da memória da ta
                       buada, R12 -> valor
  261 000001E0         ; Parâmetro de saída: Não tem
  262 000001E0         AdicionaFator
  263 000001E0 F10C 0C01       ADD              R12, #1
  264 000001E4 F1BC 0F0A       CMP              R12, #0xa
  265 000001E8 BF08            IT               EQ
  266 000001EA F04F 0C00       MOVEQ            R12, #0
  267 000001EE F88B C000       STRB             R12, [R11]
  268 000001F2         
  269 000001F2 BF08            IT               EQ
  270 000001F4 B500            PUSHEQ           {LR}
  271 000001F6 BF08 F7FF 
              FFFE             BLEQ             PiscaLeds
  272 000001FC BF08            IT               EQ
  273 000001FE F85D EB04       POPEQ            {LR}
  274 00000202         
  275 00000202 4770            BX               LR
  276 00000204         
  277 00000204         ; ------------------------------------------------------
                       -------------------------
  278 00000204         ; Função que Multiplica e imprime no LCD
  279 00000204         ; Parâmetro de entrada: R10 -> Tabuada, R12 -> multiplic
                       ador
  280 00000204         ; Parâmetro de saída: Não tem
  281 00000204         Multiplica
  282 00000204 B500            PUSH             {LR}
  283 00000206         
  284 00000206 F7FF FFFE       BL               CursorHome
  285 0000020A FB0C F90A       MUL              R9, R12, R10
  286 0000020E         
  287 0000020E F10A 0030       ADD              R0, R10, #48
  288 00000212 F7FF FFFE       BL               EscreveCaracter
  289 00000216         
  290 00000216 F04F 0078       MOV              R0, #'x'
  291 0000021A F7FF FFFE       BL               EscreveCaracter
  292 0000021E         
  293 0000021E F10C 0030       ADD              R0, R12, #48
  294 00000222 F7FF FFFE       BL               EscreveCaracter



ARM Macro Assembler    Page 7 


  295 00000226         
  296 00000226 F04F 003D       MOV              R0, #'='
  297 0000022A F7FF FFFE       BL               EscreveCaracter
  298 0000022E         
  299 0000022E F04F 070A       MOV              R7, #10
  300 00000232 FBB9 F8F7       UDIV             R8, R9, R7
  301 00000236 F108 0030       ADD              R0, R8, #48
  302 0000023A F7FF FFFE       BL               EscreveCaracter
  303 0000023E         
  304 0000023E FB07 9018       MLS              R0, R7, R8, R9
  305 00000242 F100 0030       ADD              R0, #48
  306 00000246 F7FF FFFE       BL               EscreveCaracter
  307 0000024A         
  308 0000024A F85D EB04       POP              {LR}
  309 0000024E 4770            BX               LR
  310 00000250         ; ------------------------------------------------------
                       --------------------------------------------------------
                       -----------
  311 00000250         ; Fim do Arquivo
  312 00000250         ; ------------------------------------------------------
                       --------------------------------------------------------
                       ----------- 
  313 00000250                 ALIGN                        ;Garante que o fim 
                                                            da seção está alinh
                                                            ada 
  314 00000250                 END                          ;Fim do arquivo
              20000001 
              20000002 
              20000003 
              20000004 
              20000005 
              20000006 
              20000007 
              20000008 
              20000009 
Command Line: --debug --xref --diag_suppress=9931 --cpu=Cortex-M4.fp.sp --apcs=
interwork --depend=.\objects\main.d -o.\objects\main.o -IC:\Users\joaop\AppData
\Local\Arm\Packs\Keil\TM4C_DFP\1.1.0\Device\Include\TM4C129 --predefine="__EVAL
 SETA 1" --predefine="__UVISION_VERSION SETA 536" --predefine="TM4C1294NCPDT SE
TA 1" --list=.\listings\main.lst main.s



ARM Macro Assembler    Page 1 Alphabetic symbol ordering
Relocatable symbols

DATA 00000000

Symbol: DATA
   Definitions
      At line 21 in file main.s
   Uses
      None
Comment: DATA unused
1 symbol



ARM Macro Assembler    Page 1 Alphabetic symbol ordering
Relocatable symbols

.text 00000000

Symbol: .text
   Definitions
      At line 32 in file main.s
   Uses
      None
Comment: .text unused
AdicionaFator 000001E0

Symbol: AdicionaFator
   Definitions
      At line 262 in file main.s
   Uses
      At line 145 in file main.s
      At line 157 in file main.s
      At line 169 in file main.s
      At line 181 in file main.s
      At line 193 in file main.s
      At line 205 in file main.s
      At line 217 in file main.s
      At line 229 in file main.s
      At line 241 in file main.s
      At line 253 in file main.s

MainLoop 0000003E

Symbol: MainLoop
   Definitions
      At line 90 in file main.s
   Uses
      At line 134 in file main.s
Comment: MainLoop used once
Multiplica 00000204

Symbol: Multiplica
   Definitions
      At line 281 in file main.s
   Uses
      At line 143 in file main.s
      At line 155 in file main.s
      At line 167 in file main.s
      At line 179 in file main.s
      At line 191 in file main.s
      At line 203 in file main.s
      At line 215 in file main.s
      At line 227 in file main.s
      At line 239 in file main.s
      At line 251 in file main.s

Start 00000000

Symbol: Start
   Definitions
      At line 69 in file main.s
   Uses
      At line 35 in file main.s
Comment: Start used once
Tabuada0 000000C8



ARM Macro Assembler    Page 2 Alphabetic symbol ordering
Relocatable symbols


Symbol: Tabuada0
   Definitions
      At line 137 in file main.s
   Uses
      At line 116 in file main.s
Comment: Tabuada0 used once
Tabuada1 000000E4

Symbol: Tabuada1
   Definitions
      At line 149 in file main.s
   Uses
      At line 98 in file main.s
Comment: Tabuada1 used once
Tabuada2 00000100

Symbol: Tabuada2
   Definitions
      At line 161 in file main.s
   Uses
      At line 110 in file main.s
Comment: Tabuada2 used once
Tabuada3 0000011C

Symbol: Tabuada3
   Definitions
      At line 173 in file main.s
   Uses
      At line 125 in file main.s
Comment: Tabuada3 used once
Tabuada4 00000138

Symbol: Tabuada4
   Definitions
      At line 185 in file main.s
   Uses
      At line 100 in file main.s
Comment: Tabuada4 used once
Tabuada5 00000154

Symbol: Tabuada5
   Definitions
      At line 197 in file main.s
   Uses
      At line 112 in file main.s
Comment: Tabuada5 used once
Tabuada6 00000170

Symbol: Tabuada6
   Definitions
      At line 209 in file main.s
   Uses
      At line 127 in file main.s
Comment: Tabuada6 used once
Tabuada7 0000018C

Symbol: Tabuada7
   Definitions



ARM Macro Assembler    Page 3 Alphabetic symbol ordering
Relocatable symbols

      At line 221 in file main.s
   Uses
      At line 102 in file main.s
Comment: Tabuada7 used once
Tabuada8 000001A8

Symbol: Tabuada8
   Definitions
      At line 233 in file main.s
   Uses
      At line 114 in file main.s
Comment: Tabuada8 used once
Tabuada9 000001C4

Symbol: Tabuada9
   Definitions
      At line 245 in file main.s
   Uses
      At line 129 in file main.s
Comment: Tabuada9 used once
15 symbols



ARM Macro Assembler    Page 1 Alphabetic symbol ordering
Absolute symbols

Tabuada0_mem 20000000

Symbol: Tabuada0_mem
   Definitions
      At line 55 in file main.s
   Uses
      At line 77 in file main.s
      At line 138 in file main.s

Tabuada1_mem 20000001

Symbol: Tabuada1_mem
   Definitions
      At line 56 in file main.s
   Uses
      At line 150 in file main.s
Comment: Tabuada1_mem used once
Tabuada2_mem 20000002

Symbol: Tabuada2_mem
   Definitions
      At line 57 in file main.s
   Uses
      At line 162 in file main.s
Comment: Tabuada2_mem used once
Tabuada3_mem 20000003

Symbol: Tabuada3_mem
   Definitions
      At line 58 in file main.s
   Uses
      At line 174 in file main.s
Comment: Tabuada3_mem used once
Tabuada4_mem 20000004

Symbol: Tabuada4_mem
   Definitions
      At line 59 in file main.s
   Uses
      At line 186 in file main.s
Comment: Tabuada4_mem used once
Tabuada5_mem 20000005

Symbol: Tabuada5_mem
   Definitions
      At line 60 in file main.s
   Uses
      At line 198 in file main.s
Comment: Tabuada5_mem used once
Tabuada6_mem 20000006

Symbol: Tabuada6_mem
   Definitions
      At line 61 in file main.s
   Uses
      At line 210 in file main.s
Comment: Tabuada6_mem used once
Tabuada7_mem 20000007




ARM Macro Assembler    Page 2 Alphabetic symbol ordering
Absolute symbols

Symbol: Tabuada7_mem
   Definitions
      At line 62 in file main.s
   Uses
      At line 222 in file main.s
Comment: Tabuada7_mem used once
Tabuada8_mem 20000008

Symbol: Tabuada8_mem
   Definitions
      At line 63 in file main.s
   Uses
      At line 234 in file main.s
Comment: Tabuada8_mem used once
Tabuada9_mem 20000009

Symbol: Tabuada9_mem
   Definitions
      At line 64 in file main.s
   Uses
      At line 246 in file main.s
Comment: Tabuada9_mem used once
10 symbols



ARM Macro Assembler    Page 1 Alphabetic symbol ordering
External symbols

CursorHome 00000000

Symbol: CursorHome
   Definitions
      At line 52 in file main.s
   Uses
      At line 284 in file main.s
Comment: CursorHome used once
EscreveCaracter 00000000

Symbol: EscreveCaracter
   Definitions
      At line 51 in file main.s
   Uses
      At line 288 in file main.s
      At line 291 in file main.s
      At line 294 in file main.s
      At line 297 in file main.s
      At line 302 in file main.s
      At line 306 in file main.s

GPIO_Init 00000000

Symbol: GPIO_Init
   Definitions
      At line 44 in file main.s
   Uses
      At line 72 in file main.s
Comment: GPIO_Init used once
IniciaLCD 00000000

Symbol: IniciaLCD
   Definitions
      At line 50 in file main.s
   Uses
      At line 73 in file main.s
Comment: IniciaLCD used once
Le_teclas 00000000

Symbol: Le_teclas
   Definitions
      At line 48 in file main.s
   Uses
      At line 95 in file main.s
      At line 107 in file main.s
      At line 122 in file main.s

PLL_Init 00000000

Symbol: PLL_Init
   Definitions
      At line 41 in file main.s
   Uses
      At line 70 in file main.s
Comment: PLL_Init used once
PiscaLeds 00000000

Symbol: PiscaLeds
   Definitions



ARM Macro Assembler    Page 2 Alphabetic symbol ordering
External symbols

      At line 49 in file main.s
   Uses
      At line 271 in file main.s
Comment: PiscaLeds used once
SysTick_Init 00000000

Symbol: SysTick_Init
   Definitions
      At line 42 in file main.s
   Uses
      At line 71 in file main.s
Comment: SysTick_Init used once
SysTick_Wait1ms 00000000

Symbol: SysTick_Wait1ms
   Definitions
      At line 43 in file main.s
   Uses
      At line 94 in file main.s
      At line 106 in file main.s
      At line 121 in file main.s
      At line 132 in file main.s

Teclado_col1 00000000

Symbol: Teclado_col1
   Definitions
      At line 45 in file main.s
   Uses
      At line 92 in file main.s
Comment: Teclado_col1 used once
Teclado_col2 00000000

Symbol: Teclado_col2
   Definitions
      At line 46 in file main.s
   Uses
      At line 104 in file main.s
Comment: Teclado_col2 used once
Teclado_col3 00000000

Symbol: Teclado_col3
   Definitions
      At line 47 in file main.s
   Uses
      At line 119 in file main.s
Comment: Teclado_col3 used once
12 symbols
374 symbols in table
